<?xml version="1.0" encoding="UTF-8"?>
<testng-results skipped="0" failed="3" ignored="0" total="9" passed="6">
  <reporter-output>
  </reporter-output>
  <suite name="Suite" duration-ms="206951" started-at="2021-04-15T08:27:47Z" finished-at="2021-04-15T08:31:13Z">
    <groups>
    </groups>
    <test name="Refertofriend" duration-ms="21936" started-at="2021-04-15T08:27:47Z" finished-at="2021-04-15T08:28:08Z">
      <class name="Dewsolutions.TSSS.Friends">
        <test-method status="PASS" signature="startbrowser()[pri:0, instance:Dewsolutions.TSSS.Friends@2c6a3f77]" name="startbrowser" is-config="true" duration-ms="262" started-at="2021-04-15T08:27:47Z" finished-at="2021-04-15T08:27:47Z">
          <reporter-output>
          </reporter-output>
        </test-method> <!-- startbrowser -->
        <test-method status="FAIL" signature="refer()[pri:0, instance:Dewsolutions.TSSS.Friends@2c6a3f77]" name="refer" duration-ms="21599" started-at="2021-04-15T08:27:47Z" finished-at="2021-04-15T08:28:08Z">
          <exception class="org.openqa.selenium.ElementClickInterceptedException">
            <message>
              <![CDATA[element click intercepted: Element <button type="submit" class="btn btn-secondary">...</button> is not clickable at point (1243, 355). Other element would receive the click: <ul class="nav nav-tabs" id="myTab" role="tablist">...</ul>
  (Session info: chrome=89.0.4389.128)
Build info: version: '3.14.0', revision: 'aacccce0', time: '2018-08-02T20:19:58.91Z'
System info: host: 'LAPTOP-IKGRIVOR', ip: '192.168.1.7', os.name: 'Windows 10', os.arch: 'amd64', os.version: '10.0', java.version: '1.8.0_261'
Driver info: org.openqa.selenium.chrome.ChromeDriver
Capabilities {acceptInsecureCerts: false, browserName: chrome, browserVersion: 89.0.4389.128, chrome: {chromedriverVersion: 89.0.4389.23 (61b08ee2c5002..., userDataDir: C:\Users\Hp\AppData\Local\T...}, goog:chromeOptions: {debuggerAddress: localhost:62680}, javascriptEnabled: true, networkConnectionEnabled: false, pageLoadStrategy: normal, platform: WINDOWS, platformName: WINDOWS, proxy: Proxy(), setWindowRect: true, strictFileInteractability: false, timeouts: {implicit: 0, pageLoad: 300000, script: 30000}, unhandledPromptBehavior: dismiss and notify, webauthn:extension:largeBlob: true, webauthn:virtualAuthenticators: true}
Session ID: e7bf36c4e2d3f7cafb642d828e78defb]]>
            </message>
            <full-stacktrace>
              <![CDATA[org.openqa.selenium.ElementClickInterceptedException: element click intercepted: Element <button type="submit" class="btn btn-secondary">...</button> is not clickable at point (1243, 355). Other element would receive the click: <ul class="nav nav-tabs" id="myTab" role="tablist">...</ul>
  (Session info: chrome=89.0.4389.128)
Build info: version: '3.14.0', revision: 'aacccce0', time: '2018-08-02T20:19:58.91Z'
System info: host: 'LAPTOP-IKGRIVOR', ip: '192.168.1.7', os.name: 'Windows 10', os.arch: 'amd64', os.version: '10.0', java.version: '1.8.0_261'
Driver info: org.openqa.selenium.chrome.ChromeDriver
Capabilities {acceptInsecureCerts: false, browserName: chrome, browserVersion: 89.0.4389.128, chrome: {chromedriverVersion: 89.0.4389.23 (61b08ee2c5002..., userDataDir: C:\Users\Hp\AppData\Local\T...}, goog:chromeOptions: {debuggerAddress: localhost:62680}, javascriptEnabled: true, networkConnectionEnabled: false, pageLoadStrategy: normal, platform: WINDOWS, platformName: WINDOWS, proxy: Proxy(), setWindowRect: true, strictFileInteractability: false, timeouts: {implicit: 0, pageLoad: 300000, script: 30000}, unhandledPromptBehavior: dismiss and notify, webauthn:extension:largeBlob: true, webauthn:virtualAuthenticators: true}
Session ID: e7bf36c4e2d3f7cafb642d828e78defb
at sun.reflect.NativeConstructorAccessorImpl.newInstance0(Native Method)
at sun.reflect.NativeConstructorAccessorImpl.newInstance(NativeConstructorAccessorImpl.java:62)
at sun.reflect.DelegatingConstructorAccessorImpl.newInstance(DelegatingConstructorAccessorImpl.java:45)
at java.lang.reflect.Constructor.newInstance(Constructor.java:423)
at org.openqa.selenium.remote.http.W3CHttpResponseCodec.createException(W3CHttpResponseCodec.java:187)
at org.openqa.selenium.remote.http.W3CHttpResponseCodec.decode(W3CHttpResponseCodec.java:122)
at org.openqa.selenium.remote.http.W3CHttpResponseCodec.decode(W3CHttpResponseCodec.java:49)
at org.openqa.selenium.remote.HttpCommandExecutor.execute(HttpCommandExecutor.java:158)
at org.openqa.selenium.remote.service.DriverCommandExecutor.execute(DriverCommandExecutor.java:83)
at org.openqa.selenium.remote.RemoteWebDriver.execute(RemoteWebDriver.java:548)
at org.openqa.selenium.remote.RemoteWebElement.execute(RemoteWebElement.java:276)
at org.openqa.selenium.remote.RemoteWebElement.click(RemoteWebElement.java:83)
at Dewsolutions.TSSS.Friends.refer(Friends.java:79)
at sun.reflect.NativeMethodAccessorImpl.invoke0(Native Method)
at sun.reflect.NativeMethodAccessorImpl.invoke(NativeMethodAccessorImpl.java:62)
at sun.reflect.DelegatingMethodAccessorImpl.invoke(DelegatingMethodAccessorImpl.java:43)
at java.lang.reflect.Method.invoke(Method.java:498)
at org.testng.internal.MethodInvocationHelper.invokeMethod(MethodInvocationHelper.java:124)
at org.testng.internal.Invoker.invokeMethod(Invoker.java:583)
at org.testng.internal.Invoker.invokeTestMethod(Invoker.java:719)
at org.testng.internal.Invoker.invokeTestMethods(Invoker.java:989)
at org.testng.internal.TestMethodWorker.invokeTestMethods(TestMethodWorker.java:125)
at org.testng.internal.TestMethodWorker.run(TestMethodWorker.java:109)
at org.testng.TestRunner.privateRun(TestRunner.java:648)
at org.testng.TestRunner.run(TestRunner.java:505)
at org.testng.SuiteRunner.runTest(SuiteRunner.java:455)
at org.testng.SuiteRunner.runSequentially(SuiteRunner.java:450)
at org.testng.SuiteRunner.privateRun(SuiteRunner.java:415)
at org.testng.SuiteRunner.run(SuiteRunner.java:364)
at org.testng.SuiteRunnerWorker.runSuite(SuiteRunnerWorker.java:52)
at org.testng.SuiteRunnerWorker.run(SuiteRunnerWorker.java:84)
at org.testng.TestNG.runSuitesSequentially(TestNG.java:1208)
at org.testng.TestNG.runSuitesLocally(TestNG.java:1137)
at org.testng.TestNG.runSuites(TestNG.java:1049)
at org.testng.TestNG.run(TestNG.java:1017)
at org.apache.maven.surefire.testng.TestNGExecutor.run(TestNGExecutor.java:281)
at org.apache.maven.surefire.testng.TestNGXmlTestSuite.execute(TestNGXmlTestSuite.java:75)
at org.apache.maven.surefire.testng.TestNGProvider.invoke(TestNGProvider.java:121)
at org.apache.maven.surefire.booter.ForkedBooter.invokeProviderInSameClassLoader(ForkedBooter.java:290)
at org.apache.maven.surefire.booter.ForkedBooter.runSuitesInProcess(ForkedBooter.java:242)
at org.apache.maven.surefire.booter.ForkedBooter.main(ForkedBooter.java:121)
]]>
            </full-stacktrace>
          </exception> <!-- org.openqa.selenium.ElementClickInterceptedException -->
          <reporter-output>
          </reporter-output>
        </test-method> <!-- refer -->
        <test-method status="PASS" signature="close()[pri:0, instance:Dewsolutions.TSSS.Friends@2c6a3f77]" name="close" is-config="true" duration-ms="0" started-at="2021-04-15T08:28:08Z" finished-at="2021-04-15T08:28:08Z">
          <reporter-output>
          </reporter-output>
        </test-method> <!-- close -->
      </class> <!-- Dewsolutions.TSSS.Friends -->
    </test> <!-- Refertofriend -->
    <test name="Login for all user types" duration-ms="45707" started-at="2021-04-15T08:28:09Z" finished-at="2021-04-15T08:28:54Z">
      <class name="Dewsolutions.TSSS.Login">
        <test-method status="PASS" signature="test()[pri:0, instance:Dewsolutions.TSSS.Login@3551a94]" name="test" is-config="true" duration-ms="2082" started-at="2021-04-15T08:28:09Z" finished-at="2021-04-15T08:28:11Z">
          <reporter-output>
          </reporter-output>
        </test-method> <!-- test -->
        <test-method status="PASS" signature="startbrowser(java.lang.String, java.lang.String)[pri:0, instance:Dewsolutions.TSSS.Login@3551a94]" name="startbrowser" duration-ms="9566" started-at="2021-04-15T08:28:11Z" data-provider="input" finished-at="2021-04-15T08:28:20Z">
          <params>
            <param index="0">
              <value>
                <![CDATA[kamran.sheikh8285@gmail.com]]>
              </value>
            </param>
            <param index="1">
              <value>
                <![CDATA[12345678]]>
              </value>
            </param>
          </params>
          <reporter-output>
          </reporter-output>
        </test-method> <!-- startbrowser -->
        <test-method status="PASS" signature="test()[pri:0, instance:Dewsolutions.TSSS.Login@3551a94]" name="test" is-config="true" duration-ms="2766" started-at="2021-04-15T08:28:20Z" finished-at="2021-04-15T08:28:23Z">
          <reporter-output>
          </reporter-output>
        </test-method> <!-- test -->
        <test-method status="PASS" signature="startbrowser(java.lang.String, java.lang.String)[pri:0, instance:Dewsolutions.TSSS.Login@3551a94]" name="startbrowser" duration-ms="15538" started-at="2021-04-15T08:28:23Z" data-provider="input" finished-at="2021-04-15T08:28:39Z">
          <params>
            <param index="0">
              <value>
                <![CDATA[vipula@dewsolutions.in]]>
              </value>
            </param>
            <param index="1">
              <value>
                <![CDATA[password]]>
              </value>
            </param>
          </params>
          <reporter-output>
          </reporter-output>
        </test-method> <!-- startbrowser -->
        <test-method status="PASS" signature="test()[pri:0, instance:Dewsolutions.TSSS.Login@3551a94]" name="test" is-config="true" duration-ms="3397" started-at="2021-04-15T08:28:39Z" finished-at="2021-04-15T08:28:42Z">
          <reporter-output>
          </reporter-output>
        </test-method> <!-- test -->
        <test-method status="PASS" signature="startbrowser(java.lang.String, java.lang.String)[pri:0, instance:Dewsolutions.TSSS.Login@3551a94]" name="startbrowser" duration-ms="12348" started-at="2021-04-15T08:28:42Z" data-provider="input" finished-at="2021-04-15T08:28:54Z">
          <params>
            <param index="0">
              <value>
                <![CDATA[dabang1@yopmail.com]]>
              </value>
            </param>
            <param index="1">
              <value>
                <![CDATA[12345678]]>
              </value>
            </param>
          </params>
          <reporter-output>
          </reporter-output>
        </test-method> <!-- startbrowser -->
      </class> <!-- Dewsolutions.TSSS.Login -->
    </test> <!-- Login for all user types -->
    <test name="Edit profile" duration-ms="50886" started-at="2021-04-15T08:28:54Z" finished-at="2021-04-15T08:29:45Z">
      <class name="Dewsolutions.TSSS.Editprofile">
        <test-method status="PASS" signature="startbrowser()[pri:0, instance:Dewsolutions.TSSS.Editprofile@3dd3bcd]" name="startbrowser" duration-ms="50884" started-at="2021-04-15T08:28:54Z" finished-at="2021-04-15T08:29:45Z">
          <reporter-output>
          </reporter-output>
        </test-method> <!-- startbrowser -->
      </class> <!-- Dewsolutions.TSSS.Editprofile -->
    </test> <!-- Edit profile -->
    <test name="Case for Fnf" duration-ms="13781" started-at="2021-04-15T08:29:45Z" finished-at="2021-04-15T08:29:59Z">
      <class name="Dewsolutions.TSSS.Negativetestcase">
        <test-method status="FAIL" signature="refer()[pri:0, instance:Dewsolutions.TSSS.Negativetestcase@7ca48474]" name="refer" duration-ms="13778" started-at="2021-04-15T08:29:45Z" finished-at="2021-04-15T08:29:59Z">
          <exception class="org.openqa.selenium.ElementClickInterceptedException">
            <message>
              <![CDATA[element click intercepted: Element <button type="submit" class="btn btn-secondary">...</button> is not clickable at point (1243, 355). Other element would receive the click: <ul class="nav nav-tabs" id="myTab" role="tablist">...</ul>
  (Session info: chrome=89.0.4389.128)
Build info: version: '3.14.0', revision: 'aacccce0', time: '2018-08-02T20:19:58.91Z'
System info: host: 'LAPTOP-IKGRIVOR', ip: '192.168.1.7', os.name: 'Windows 10', os.arch: 'amd64', os.version: '10.0', java.version: '1.8.0_261'
Driver info: org.openqa.selenium.chrome.ChromeDriver
Capabilities {acceptInsecureCerts: false, browserName: chrome, browserVersion: 89.0.4389.128, chrome: {chromedriverVersion: 89.0.4389.23 (61b08ee2c5002..., userDataDir: C:\Users\Hp\AppData\Local\T...}, goog:chromeOptions: {debuggerAddress: localhost:62853}, javascriptEnabled: true, networkConnectionEnabled: false, pageLoadStrategy: normal, platform: WINDOWS, platformName: WINDOWS, proxy: Proxy(), setWindowRect: true, strictFileInteractability: false, timeouts: {implicit: 0, pageLoad: 300000, script: 30000}, unhandledPromptBehavior: dismiss and notify, webauthn:extension:largeBlob: true, webauthn:virtualAuthenticators: true}
Session ID: f9820c8555d0d2c66e790864b3cd8051]]>
            </message>
            <full-stacktrace>
              <![CDATA[org.openqa.selenium.ElementClickInterceptedException: element click intercepted: Element <button type="submit" class="btn btn-secondary">...</button> is not clickable at point (1243, 355). Other element would receive the click: <ul class="nav nav-tabs" id="myTab" role="tablist">...</ul>
  (Session info: chrome=89.0.4389.128)
Build info: version: '3.14.0', revision: 'aacccce0', time: '2018-08-02T20:19:58.91Z'
System info: host: 'LAPTOP-IKGRIVOR', ip: '192.168.1.7', os.name: 'Windows 10', os.arch: 'amd64', os.version: '10.0', java.version: '1.8.0_261'
Driver info: org.openqa.selenium.chrome.ChromeDriver
Capabilities {acceptInsecureCerts: false, browserName: chrome, browserVersion: 89.0.4389.128, chrome: {chromedriverVersion: 89.0.4389.23 (61b08ee2c5002..., userDataDir: C:\Users\Hp\AppData\Local\T...}, goog:chromeOptions: {debuggerAddress: localhost:62853}, javascriptEnabled: true, networkConnectionEnabled: false, pageLoadStrategy: normal, platform: WINDOWS, platformName: WINDOWS, proxy: Proxy(), setWindowRect: true, strictFileInteractability: false, timeouts: {implicit: 0, pageLoad: 300000, script: 30000}, unhandledPromptBehavior: dismiss and notify, webauthn:extension:largeBlob: true, webauthn:virtualAuthenticators: true}
Session ID: f9820c8555d0d2c66e790864b3cd8051
at sun.reflect.NativeConstructorAccessorImpl.newInstance0(Native Method)
at sun.reflect.NativeConstructorAccessorImpl.newInstance(NativeConstructorAccessorImpl.java:62)
at sun.reflect.DelegatingConstructorAccessorImpl.newInstance(DelegatingConstructorAccessorImpl.java:45)
at java.lang.reflect.Constructor.newInstance(Constructor.java:423)
at org.openqa.selenium.remote.http.W3CHttpResponseCodec.createException(W3CHttpResponseCodec.java:187)
at org.openqa.selenium.remote.http.W3CHttpResponseCodec.decode(W3CHttpResponseCodec.java:122)
at org.openqa.selenium.remote.http.W3CHttpResponseCodec.decode(W3CHttpResponseCodec.java:49)
at org.openqa.selenium.remote.HttpCommandExecutor.execute(HttpCommandExecutor.java:158)
at org.openqa.selenium.remote.service.DriverCommandExecutor.execute(DriverCommandExecutor.java:83)
at org.openqa.selenium.remote.RemoteWebDriver.execute(RemoteWebDriver.java:548)
at org.openqa.selenium.remote.RemoteWebElement.execute(RemoteWebElement.java:276)
at org.openqa.selenium.remote.RemoteWebElement.click(RemoteWebElement.java:83)
at Dewsolutions.TSSS.Negativetestcase.refer(Negativetestcase.java:50)
at sun.reflect.NativeMethodAccessorImpl.invoke0(Native Method)
at sun.reflect.NativeMethodAccessorImpl.invoke(NativeMethodAccessorImpl.java:62)
at sun.reflect.DelegatingMethodAccessorImpl.invoke(DelegatingMethodAccessorImpl.java:43)
at java.lang.reflect.Method.invoke(Method.java:498)
at org.testng.internal.MethodInvocationHelper.invokeMethod(MethodInvocationHelper.java:124)
at org.testng.internal.Invoker.invokeMethod(Invoker.java:583)
at org.testng.internal.Invoker.invokeTestMethod(Invoker.java:719)
at org.testng.internal.Invoker.invokeTestMethods(Invoker.java:989)
at org.testng.internal.TestMethodWorker.invokeTestMethods(TestMethodWorker.java:125)
at org.testng.internal.TestMethodWorker.run(TestMethodWorker.java:109)
at java.util.concurrent.ThreadPoolExecutor.runWorker(ThreadPoolExecutor.java:1149)
at java.util.concurrent.ThreadPoolExecutor$Worker.run(ThreadPoolExecutor.java:624)
at java.lang.Thread.run(Thread.java:748)
]]>
            </full-stacktrace>
          </exception> <!-- org.openqa.selenium.ElementClickInterceptedException -->
          <reporter-output>
          </reporter-output>
        </test-method> <!-- refer -->
      </class> <!-- Dewsolutions.TSSS.Negativetestcase -->
    </test> <!-- Case for Fnf -->
    <test name="Refer to employee" duration-ms="25763" started-at="2021-04-15T08:29:59Z" finished-at="2021-04-15T08:30:25Z">
      <class name="Dewsolutions.TSSS.Employeerefer">
        <test-method status="PASS" signature="startbrowser1()[pri:0, instance:Dewsolutions.TSSS.Employeerefer@3c09711b]" name="startbrowser1" is-config="true" duration-ms="1" started-at="2021-04-15T08:29:59Z" finished-at="2021-04-15T08:29:59Z">
          <reporter-output>
          </reporter-output>
        </test-method> <!-- startbrowser1 -->
        <test-method status="PASS" signature="startbrowser()[pri:0, instance:Dewsolutions.TSSS.Employeerefer@3c09711b]" name="startbrowser" duration-ms="25759" started-at="2021-04-15T08:29:59Z" finished-at="2021-04-15T08:30:25Z">
          <reporter-output>
          </reporter-output>
        </test-method> <!-- startbrowser -->
      </class> <!-- Dewsolutions.TSSS.Employeerefer -->
    </test> <!-- Refer to employee -->
    <test name="Mgm page negative case" duration-ms="23466" started-at="2021-04-15T08:30:25Z" finished-at="2021-04-15T08:30:48Z">
      <class name="Dewsolutions.TSSS.MgmNegative">
        <test-method status="PASS" signature="test()[pri:0, instance:Dewsolutions.TSSS.MgmNegative@2669b199]" name="test" duration-ms="23462" started-at="2021-04-15T08:30:25Z" finished-at="2021-04-15T08:30:48Z">
          <reporter-output>
          </reporter-output>
        </test-method> <!-- test -->
      </class> <!-- Dewsolutions.TSSS.MgmNegative -->
    </test> <!-- Mgm page negative case -->
    <test name="New user sign up" duration-ms="25062" started-at="2021-04-15T08:30:48Z" finished-at="2021-04-15T08:31:13Z">
      <class name="Dewsolutions.TSSS.NewUser">
        <test-method status="FAIL" signature="startbrowser()[pri:0, instance:Dewsolutions.TSSS.NewUser@174d20a]" name="startbrowser" duration-ms="25059" started-at="2021-04-15T08:30:48Z" finished-at="2021-04-15T08:31:13Z">
          <exception class="org.openqa.selenium.ElementClickInterceptedException">
            <message>
              <![CDATA[element click intercepted: Element <div class="dz-default dz-message">...</div> is not clickable at point (993, 261). Other element would receive the click: <div class="loader" style="display: flex; opacity: 0.999985;">...</div>
  (Session info: chrome=89.0.4389.128)
Build info: version: '3.14.0', revision: 'aacccce0', time: '2018-08-02T20:19:58.91Z'
System info: host: 'LAPTOP-IKGRIVOR', ip: '192.168.1.7', os.name: 'Windows 10', os.arch: 'amd64', os.version: '10.0', java.version: '1.8.0_261'
Driver info: org.openqa.selenium.chrome.ChromeDriver
Capabilities {acceptInsecureCerts: false, browserName: chrome, browserVersion: 89.0.4389.128, chrome: {chromedriverVersion: 89.0.4389.23 (61b08ee2c5002..., userDataDir: C:\Users\Hp\AppData\Local\T...}, goog:chromeOptions: {debuggerAddress: localhost:62951}, javascriptEnabled: true, networkConnectionEnabled: false, pageLoadStrategy: normal, platform: WINDOWS, platformName: WINDOWS, proxy: Proxy(), setWindowRect: true, strictFileInteractability: false, timeouts: {implicit: 0, pageLoad: 300000, script: 30000}, unhandledPromptBehavior: dismiss and notify, webauthn:extension:largeBlob: true, webauthn:virtualAuthenticators: true}
Session ID: 649c17c5d61ce1cc3841604d3e8e6da3]]>
            </message>
            <full-stacktrace>
              <![CDATA[org.openqa.selenium.ElementClickInterceptedException: element click intercepted: Element <div class="dz-default dz-message">...</div> is not clickable at point (993, 261). Other element would receive the click: <div class="loader" style="display: flex; opacity: 0.999985;">...</div>
  (Session info: chrome=89.0.4389.128)
Build info: version: '3.14.0', revision: 'aacccce0', time: '2018-08-02T20:19:58.91Z'
System info: host: 'LAPTOP-IKGRIVOR', ip: '192.168.1.7', os.name: 'Windows 10', os.arch: 'amd64', os.version: '10.0', java.version: '1.8.0_261'
Driver info: org.openqa.selenium.chrome.ChromeDriver
Capabilities {acceptInsecureCerts: false, browserName: chrome, browserVersion: 89.0.4389.128, chrome: {chromedriverVersion: 89.0.4389.23 (61b08ee2c5002..., userDataDir: C:\Users\Hp\AppData\Local\T...}, goog:chromeOptions: {debuggerAddress: localhost:62951}, javascriptEnabled: true, networkConnectionEnabled: false, pageLoadStrategy: normal, platform: WINDOWS, platformName: WINDOWS, proxy: Proxy(), setWindowRect: true, strictFileInteractability: false, timeouts: {implicit: 0, pageLoad: 300000, script: 30000}, unhandledPromptBehavior: dismiss and notify, webauthn:extension:largeBlob: true, webauthn:virtualAuthenticators: true}
Session ID: 649c17c5d61ce1cc3841604d3e8e6da3
at sun.reflect.NativeConstructorAccessorImpl.newInstance0(Native Method)
at sun.reflect.NativeConstructorAccessorImpl.newInstance(NativeConstructorAccessorImpl.java:62)
at sun.reflect.DelegatingConstructorAccessorImpl.newInstance(DelegatingConstructorAccessorImpl.java:45)
at java.lang.reflect.Constructor.newInstance(Constructor.java:423)
at org.openqa.selenium.remote.http.W3CHttpResponseCodec.createException(W3CHttpResponseCodec.java:187)
at org.openqa.selenium.remote.http.W3CHttpResponseCodec.decode(W3CHttpResponseCodec.java:122)
at org.openqa.selenium.remote.http.W3CHttpResponseCodec.decode(W3CHttpResponseCodec.java:49)
at org.openqa.selenium.remote.HttpCommandExecutor.execute(HttpCommandExecutor.java:158)
at org.openqa.selenium.remote.service.DriverCommandExecutor.execute(DriverCommandExecutor.java:83)
at org.openqa.selenium.remote.RemoteWebDriver.execute(RemoteWebDriver.java:548)
at org.openqa.selenium.remote.RemoteWebElement.execute(RemoteWebElement.java:276)
at org.openqa.selenium.remote.RemoteWebElement.click(RemoteWebElement.java:83)
at Dewsolutions.TSSS.NewUser.startbrowser(NewUser.java:65)
at sun.reflect.NativeMethodAccessorImpl.invoke0(Native Method)
at sun.reflect.NativeMethodAccessorImpl.invoke(NativeMethodAccessorImpl.java:62)
at sun.reflect.DelegatingMethodAccessorImpl.invoke(DelegatingMethodAccessorImpl.java:43)
at java.lang.reflect.Method.invoke(Method.java:498)
at org.testng.internal.MethodInvocationHelper.invokeMethod(MethodInvocationHelper.java:124)
at org.testng.internal.Invoker.invokeMethod(Invoker.java:583)
at org.testng.internal.Invoker.invokeTestMethod(Invoker.java:719)
at org.testng.internal.Invoker.invokeTestMethods(Invoker.java:989)
at org.testng.internal.TestMethodWorker.invokeTestMethods(TestMethodWorker.java:125)
at org.testng.internal.TestMethodWorker.run(TestMethodWorker.java:109)
at java.util.concurrent.ThreadPoolExecutor.runWorker(ThreadPoolExecutor.java:1149)
at java.util.concurrent.ThreadPoolExecutor$Worker.run(ThreadPoolExecutor.java:624)
at java.lang.Thread.run(Thread.java:748)
]]>
            </full-stacktrace>
          </exception> <!-- org.openqa.selenium.ElementClickInterceptedException -->
          <reporter-output>
          </reporter-output>
        </test-method> <!-- startbrowser -->
      </class> <!-- Dewsolutions.TSSS.NewUser -->
    </test> <!-- New user sign up -->
  </suite> <!-- Suite -->
</testng-results>
